make all --print-data-base --no-builtin-variables --no-builtin-rules --question
# GNU Make 4.3
# Built for x86_64-redhat-linux-gnu
# Copyright (C) 1988-2020 Free Software Foundation, Inc.
# License GPLv3+: GNU GPL version 3 or later <http://gnu.org/licenses/gpl.html>
# This is free software: you are free to change and redistribute it.
# There is NO WARRANTY, to the extent permitted by law.

# Make data base, printed on Sat Aug 20 01:08:32 2022

# Variables

# environment
GDK_BACKEND = x11
# environment
LC_ALL = C
# environment
NO_AT_BRIDGE = 1
# environment
GJS_DEBUG_OUTPUT = stderr
# environment
VSCODE_CWD = /home/daniel
# environment
GDM_LANG = en_US.UTF-8
# default
MAKE_COMMAND := make
# environment
GOPATH = /home/daniel/go
# environment
define BASH_FUNC_which%%
() {  ( alias;
 eval ${which_declare} ) | /usr/bin/which --tty-only --read-alias --read-functions --show-tilde --show-dot $@
}
endef
# automatic
@D = $(patsubst %/,%,$(dir $@))
# environment
VSCODE_HANDLES_UNCAUGHT_ERRORS = true
# default
.VARIABLES := 
# environment
PWD = /home/daniel/Desktop/BudgetManager
# automatic
%D = $(patsubst %/,%,$(dir $%))
# environment
HOSTNAME = fedora
# environment
MAIL = /var/spool/mail/daniel
# environment
XDG_DATA_DIRS = /home/daniel/.local/share/flatpak/exports/share:/var/lib/flatpak/exports/share:/usr/local/share/:/usr/share/:/var/lib/snapd/desktop
# environment
QTINC = /usr/lib64/qt-3.3/include
# automatic
^D = $(patsubst %/,%,$(dir $^))
# automatic
%F = $(notdir $%)
# environment
VSCODE_CODE_CACHE_PATH = /home/daniel/.config/Code/CachedData/da76f93349a72022ca4670c1b84860304616aaa2
# environment
LANG = C
# environment
XAUTHORITY = /run/user/1000/.mutter-Xwaylandauth.UT3RQ1
# default
.LOADED := 
# default
.INCLUDE_DIRS = /usr/include /usr/local/include /usr/include
# makefile
MAKEFLAGS = pqrR
# makefile
CURDIR := /home/daniel/Desktop/BudgetManager
# environment
APPLICATION_INSIGHTS_NO_DIAGNOSTIC_CHANNEL = true
# environment
LESSOPEN = ||/usr/bin/lesspipe.sh %s
# automatic
*D = $(patsubst %/,%,$(dir $*))
# environment
MFLAGS = -pqrR
# environment
SSH_AUTH_SOCK = /run/user/1000/keyring/ssh
# default
.SHELLFLAGS := -c
# environment
WAYLAND_DISPLAY = wayland-0
# environment
HISTSIZE = 1000
# automatic
+D = $(patsubst %/,%,$(dir $+))
# environment
XDG_SESSION_DESKTOP = gnome
# makefile (from 'Makefile', line 1)
MAKEFILE_LIST := Makefile
# automatic
@F = $(notdir $@)
# environment
VSCODE_PID = 52885
# environment
XDG_SESSION_TYPE = wayland
# automatic
?D = $(patsubst %/,%,$(dir $?))
# environment
SESSION_MANAGER = local/unix:@/tmp/.ICE-unix/2077,unix/unix:/tmp/.ICE-unix/2077
# automatic
*F = $(notdir $*)
# environment
CHROME_DESKTOP = code-url-handler.desktop
# environment
DBUS_SESSION_BUS_ADDRESS = unix:path=/run/user/1000/bus
# automatic
<D = $(patsubst %/,%,$(dir $<))
# environment
VSCODE_NLS_CONFIG = {"locale":"en-us","availableLanguages":{},"_languagePackSupport":true}
# default
MAKE_HOST := x86_64-redhat-linux-gnu
# makefile
SHELL = /bin/sh
# default
MAKECMDGOALS := all
# environment
XMODIFIERS = @im=ibus
# environment
GJS_DEBUG_TOPICS = JS ERROR;JS LOG
# environment
SHLVL = 0
# environment
MAKELEVEL := 0
# default
MAKE = $(MAKE_COMMAND)
# environment
PATH = ~/Desktop/BudgetManager/sonar-scanner-4.7.0.2747-linux/bin:~/Desktop/BudgetManager/sonar-scanner-4.7.0.2747-linux/bin:/home/daniel/.local/bin:/home/daniel/bin:/usr/lib64/qt-3.3/bin:/usr/local/bin:/usr/local/sbin:/usr/bin:/usr/sbin:/var/lib/snapd/snap/bin
# environment
QTDIR = /usr/lib64/qt-3.3
# default
MAKEFILES := 
# automatic
^F = $(notdir $^)
# environment
INVOCATION_ID = 9b315ced400d487c9926eb9b8dd8ecd5
# environment
USERNAME = daniel
# environment
GNOME_SETUP_DISPLAY = :1
# automatic
?F = $(notdir $?)
# environment
QTLIB = /usr/lib64/qt-3.3/lib
# environment
XDG_CURRENT_DESKTOP = GNOME
# environment
KDEDIRS = /usr
# automatic
+F = $(notdir $+)
# environment
DESKTOP_SESSION = gnome
# environment
ORIGINAL_XDG_CURRENT_DESKTOP = GNOME
# 'override' directive
GNUMAKEFLAGS := 
# environment
LOGNAME = daniel
# environment
GIO_LAUNCHED_DESKTOP_FILE = /usr/share/applications/code.desktop
# makefile
.DEFAULT_GOAL := build
# environment
SYSTEMD_EXEC_PID = 2129
# environment
HISTCONTROL = ignoredups
# environment
EDITOR = /usr/bin/nano
# environment
DISPLAY = :0
# environment
USER = daniel
# default
MAKE_VERSION := 4.3
# environment
MANAGERPID = 1970
# environment
which_declare = declare -f
# environment
DEBUGINFOD_URLS = https://debuginfod.fedoraproject.org/ 
# environment
GIO_LAUNCHED_DESKTOP_FILE_PID = 52885
# environment
_ = /usr/bin/make
# environment
XDG_RUNTIME_DIR = /run/user/1000
# environment
GOMODCACHE = /home/daniel/go/pkg/mod
# environment
JOURNAL_STREAM = 8:34340
# environment
XDG_SESSION_CLASS = user
# environment
VSCODE_AMD_ENTRYPOINT = vs/workbench/api/node/extensionHostProcess
# environment
HOME = /home/daniel
# environment
QT_IM_MODULE = ibus
# environment
ELECTRON_RUN_AS_NODE = 1
# environment
VSCODE_IPC_HOOK = /run/user/1000/vscode-419f9acc-1.70.0-main.sock
# environment
GOPROXY = direct
# default
.RECIPEPREFIX := 
# automatic
<F = $(notdir $<)
# default
SUFFIXES := 
# default
.FEATURES := target-specific order-only second-expansion else-if shortest-stem undefine oneshell nocomment grouped-target extra-prereqs archives jobserver output-sync check-symlink guile load
# environment
XDG_MENU_PREFIX = gnome-
# environment
GDMSESSION = gnome
# variable set hash-table stats:
# Load=101/1024=10%, Rehash=0, Collisions=5/131=4%

# Pattern-specific Variable Values

# No pattern-specific variable values.

# Directories

# . (device 35, inode 546606): 17 files, no impossibilities.

# 17 files, no impossibilities in 1 directories.

# Implicit Rules

# No implicit rules.

# Files

# Not a target:
Makefile:
#  Implicit rule search has been done.
#  Last modified 2022-08-13 19:06:00.323197777
#  File has been updated.
#  Successfully updated.

# Not a target:
.DEFAULT:
#  Implicit rule search has not been done.
#  Modification time never checked.
#  File has not been updated.

# Not a target:
all:
#  Command line target.
#  Implicit rule search has been done.
#  File does not exist.
#  File has not been updated.

run:
#  Implicit rule search has not been done.
#  Modification time never checked.
#  File has not been updated.
#  recipe to execute (from 'Makefile', line 5):
	go run main.go

build:
#  Implicit rule search has not been done.
#  Modification time never checked.
#  File has not been updated.
#  recipe to execute (from 'Makefile', line 2):
	go build -o ~/Desktop/BudgetManager/bin

build-and-run:
#  Implicit rule search has not been done.
#  Modification time never checked.
#  File has not been updated.
#  recipe to execute (from 'Makefile', line 8):
	make build
	./BudgetManager

# files hash-table stats:
# Load=7/1024=1%, Rehash=0, Collisions=0/17=0%
# VPATH Search Paths

# No 'vpath' search paths.

# No general ('VPATH' variable) search path.

# strcache buffers: 1 (0) / strings = 25 / storage = 236 B / avg = 9 B
# current buf: size = 8162 B / used = 236 B / count = 25 / avg = 9 B

# strcache performance: lookups = 32 / hit rate = 21%
# hash-table stats:
# Load=25/8192=0%, Rehash=0, Collisions=0/32=0%
# Finished Make data base on Sat Aug 20 01:08:32 2022

 
make: *** No rule to make target 'all'.  Stop.

